DEB [20200923-17:50:10.457] thr=1   paramiko.transport: starting thread (client mode): 0x1058f2b0
DEB [20200923-17:50:10.458] thr=1   paramiko.transport: Local version/idstring: SSH-2.0-paramiko_2.7.2
DEB [20200923-17:50:10.468] thr=1   paramiko.transport: Remote version/idstring: SSH-2.0-OpenSSH_for_Windows_7.9
INF [20200923-17:50:10.468] thr=1   paramiko.transport: Connected (version 2.0, client OpenSSH_for_Windows_7.9)
DEB [20200923-17:50:10.488] thr=1   paramiko.transport: kex algos:['curve25519-sha256', 'curve25519-sha256@libssh.org', 'ecdh-sha2-nistp256', 'ecdh-sha2-nistp384', 'ecdh-sha2-nistp521', 'diffie-hellman-group-exchange-sha256', 'diffie-hellman-group16-sha512', 'diffie-hellman-group18-sha512', 'diffie-hellman-group14-sha256', 'diffie-hellman-group14-sha1'] server key:['rsa-sha2-512', 'rsa-sha2-256', 'ssh-rsa', 'ecdsa-sha2-nistp256', 'ssh-ed25519'] client encrypt:['chacha20-poly1305@openssh.com', 'aes128-ctr', 'aes192-ctr', 'aes256-ctr', 'aes128-gcm@openssh.com', 'aes256-gcm@openssh.com'] server encrypt:['chacha20-poly1305@openssh.com', 'aes128-ctr', 'aes192-ctr', 'aes256-ctr', 'aes128-gcm@openssh.com', 'aes256-gcm@openssh.com'] client mac:['umac-64-etm@openssh.com', 'umac-128-etm@openssh.com', 'hmac-sha2-256-etm@openssh.com', 'hmac-sha2-512-etm@openssh.com', 'hmac-sha1-etm@openssh.com', 'umac-64@openssh.com', 'umac-128@openssh.com', 'hmac-sha2-256', 'hmac-sha2-512', 'hmac-sha1'] server mac:['umac-64-etm@openssh.com', 'umac-128-etm@openssh.com', 'hmac-sha2-256-etm@openssh.com', 'hmac-sha2-512-etm@openssh.com', 'hmac-sha1-etm@openssh.com', 'umac-64@openssh.com', 'umac-128@openssh.com', 'hmac-sha2-256', 'hmac-sha2-512', 'hmac-sha1'] client compress:['none'] server compress:['none'] client lang:[''] server lang:[''] kex follows?False
DEB [20200923-17:50:10.488] thr=1   paramiko.transport: Kex agreed: curve25519-sha256@libssh.org
DEB [20200923-17:50:10.488] thr=1   paramiko.transport: HostKey agreed: ssh-ed25519
DEB [20200923-17:50:10.488] thr=1   paramiko.transport: Cipher agreed: aes128-ctr
DEB [20200923-17:50:10.488] thr=1   paramiko.transport: MAC agreed: hmac-sha2-256
DEB [20200923-17:50:10.488] thr=1   paramiko.transport: Compression agreed: none
DEB [20200923-17:50:10.492] thr=1   paramiko.transport: kex engine KexCurve25519 specified hash_algo <built-in function openssl_sha256>
DEB [20200923-17:50:10.493] thr=1   paramiko.transport: Switch to new keys ...
DEB [20200923-17:50:10.493] thr=2   paramiko.transport: Adding ssh-ed25519 host key for 10.1.10.2: b'465afdad7cd6d07e92e5e7e259575194'
DEB [20200923-17:50:10.540] thr=1   paramiko.transport: userauth is OK
INF [20200923-17:50:10.555] thr=1   paramiko.transport: Authentication (password) successful!
DEB [20200923-17:50:10.555] thr=2   paramiko.transport: [chan 0] Max packet in: 32768 bytes
DEB [20200923-17:50:10.564] thr=1   paramiko.transport: Received global request "hostkeys-00@openssh.com"
DEB [20200923-17:50:10.564] thr=1   paramiko.transport: Rejecting "hostkeys-00@openssh.com" global request from server.
DEB [20200923-17:50:10.565] thr=1   paramiko.transport: [chan 0] Max packet out: 32768 bytes
DEB [20200923-17:50:10.565] thr=1   paramiko.transport: Secsh channel 0 opened.
DEB [20200923-17:50:10.568] thr=1   paramiko.transport: [chan 0] Sesch channel 0 request ok
INF [20200923-17:50:10.570] thr=2   paramiko.transport.sftp: [chan 0] Opened sftp connection (server version 3)
DEB [20200923-17:50:10.570] thr=2   paramiko.transport.sftp: [chan 0] mkdir(b'C:\\ADAudit', 511)
DEB [20200923-17:53:05.045] thr=1   paramiko.transport: starting thread (client mode): 0x174df2b0
DEB [20200923-17:53:05.045] thr=1   paramiko.transport: Local version/idstring: SSH-2.0-paramiko_2.7.2
DEB [20200923-17:53:05.055] thr=1   paramiko.transport: Remote version/idstring: SSH-2.0-OpenSSH_for_Windows_7.9
INF [20200923-17:53:05.055] thr=1   paramiko.transport: Connected (version 2.0, client OpenSSH_for_Windows_7.9)
DEB [20200923-17:53:05.069] thr=1   paramiko.transport: kex algos:['curve25519-sha256', 'curve25519-sha256@libssh.org', 'ecdh-sha2-nistp256', 'ecdh-sha2-nistp384', 'ecdh-sha2-nistp521', 'diffie-hellman-group-exchange-sha256', 'diffie-hellman-group16-sha512', 'diffie-hellman-group18-sha512', 'diffie-hellman-group14-sha256', 'diffie-hellman-group14-sha1'] server key:['rsa-sha2-512', 'rsa-sha2-256', 'ssh-rsa', 'ecdsa-sha2-nistp256', 'ssh-ed25519'] client encrypt:['chacha20-poly1305@openssh.com', 'aes128-ctr', 'aes192-ctr', 'aes256-ctr', 'aes128-gcm@openssh.com', 'aes256-gcm@openssh.com'] server encrypt:['chacha20-poly1305@openssh.com', 'aes128-ctr', 'aes192-ctr', 'aes256-ctr', 'aes128-gcm@openssh.com', 'aes256-gcm@openssh.com'] client mac:['umac-64-etm@openssh.com', 'umac-128-etm@openssh.com', 'hmac-sha2-256-etm@openssh.com', 'hmac-sha2-512-etm@openssh.com', 'hmac-sha1-etm@openssh.com', 'umac-64@openssh.com', 'umac-128@openssh.com', 'hmac-sha2-256', 'hmac-sha2-512', 'hmac-sha1'] server mac:['umac-64-etm@openssh.com', 'umac-128-etm@openssh.com', 'hmac-sha2-256-etm@openssh.com', 'hmac-sha2-512-etm@openssh.com', 'hmac-sha1-etm@openssh.com', 'umac-64@openssh.com', 'umac-128@openssh.com', 'hmac-sha2-256', 'hmac-sha2-512', 'hmac-sha1'] client compress:['none'] server compress:['none'] client lang:[''] server lang:[''] kex follows?False
DEB [20200923-17:53:05.069] thr=1   paramiko.transport: Kex agreed: curve25519-sha256@libssh.org
DEB [20200923-17:53:05.069] thr=1   paramiko.transport: HostKey agreed: ssh-ed25519
DEB [20200923-17:53:05.069] thr=1   paramiko.transport: Cipher agreed: aes128-ctr
DEB [20200923-17:53:05.069] thr=1   paramiko.transport: MAC agreed: hmac-sha2-256
DEB [20200923-17:53:05.069] thr=1   paramiko.transport: Compression agreed: none
DEB [20200923-17:53:05.074] thr=1   paramiko.transport: kex engine KexCurve25519 specified hash_algo <built-in function openssl_sha256>
DEB [20200923-17:53:05.074] thr=1   paramiko.transport: Switch to new keys ...
DEB [20200923-17:53:05.074] thr=2   paramiko.transport: Adding ssh-ed25519 host key for 10.1.10.2: b'465afdad7cd6d07e92e5e7e259575194'
DEB [20200923-17:53:05.133] thr=1   paramiko.transport: userauth is OK
INF [20200923-17:53:05.148] thr=1   paramiko.transport: Authentication (password) successful!
DEB [20200923-17:53:05.149] thr=2   paramiko.transport: [chan 0] Max packet in: 32768 bytes
DEB [20200923-17:53:05.157] thr=1   paramiko.transport: Received global request "hostkeys-00@openssh.com"
DEB [20200923-17:53:05.157] thr=1   paramiko.transport: Rejecting "hostkeys-00@openssh.com" global request from server.
DEB [20200923-17:53:05.157] thr=1   paramiko.transport: [chan 0] Max packet out: 32768 bytes
DEB [20200923-17:53:05.157] thr=1   paramiko.transport: Secsh channel 0 opened.
DEB [20200923-17:53:05.160] thr=1   paramiko.transport: [chan 0] Sesch channel 0 request ok
DEB [20200923-17:53:06.301] thr=1   paramiko.transport: [chan 0] EOF received (0)
DEB [20200923-17:53:06.301] thr=1   paramiko.transport: [chan 0] EOF sent (0)
DEB [20200923-17:55:04.835] thr=1   paramiko.transport: starting thread (client mode): 0x8929f2b0
DEB [20200923-17:55:04.835] thr=1   paramiko.transport: Local version/idstring: SSH-2.0-paramiko_2.7.2
DEB [20200923-17:55:04.844] thr=1   paramiko.transport: Remote version/idstring: SSH-2.0-OpenSSH_for_Windows_7.9
INF [20200923-17:55:04.844] thr=1   paramiko.transport: Connected (version 2.0, client OpenSSH_for_Windows_7.9)
DEB [20200923-17:55:04.856] thr=1   paramiko.transport: kex algos:['curve25519-sha256', 'curve25519-sha256@libssh.org', 'ecdh-sha2-nistp256', 'ecdh-sha2-nistp384', 'ecdh-sha2-nistp521', 'diffie-hellman-group-exchange-sha256', 'diffie-hellman-group16-sha512', 'diffie-hellman-group18-sha512', 'diffie-hellman-group14-sha256', 'diffie-hellman-group14-sha1'] server key:['rsa-sha2-512', 'rsa-sha2-256', 'ssh-rsa', 'ecdsa-sha2-nistp256', 'ssh-ed25519'] client encrypt:['chacha20-poly1305@openssh.com', 'aes128-ctr', 'aes192-ctr', 'aes256-ctr', 'aes128-gcm@openssh.com', 'aes256-gcm@openssh.com'] server encrypt:['chacha20-poly1305@openssh.com', 'aes128-ctr', 'aes192-ctr', 'aes256-ctr', 'aes128-gcm@openssh.com', 'aes256-gcm@openssh.com'] client mac:['umac-64-etm@openssh.com', 'umac-128-etm@openssh.com', 'hmac-sha2-256-etm@openssh.com', 'hmac-sha2-512-etm@openssh.com', 'hmac-sha1-etm@openssh.com', 'umac-64@openssh.com', 'umac-128@openssh.com', 'hmac-sha2-256', 'hmac-sha2-512', 'hmac-sha1'] server mac:['umac-64-etm@openssh.com', 'umac-128-etm@openssh.com', 'hmac-sha2-256-etm@openssh.com', 'hmac-sha2-512-etm@openssh.com', 'hmac-sha1-etm@openssh.com', 'umac-64@openssh.com', 'umac-128@openssh.com', 'hmac-sha2-256', 'hmac-sha2-512', 'hmac-sha1'] client compress:['none'] server compress:['none'] client lang:[''] server lang:[''] kex follows?False
DEB [20200923-17:55:04.857] thr=1   paramiko.transport: Kex agreed: curve25519-sha256@libssh.org
DEB [20200923-17:55:04.857] thr=1   paramiko.transport: HostKey agreed: ssh-ed25519
DEB [20200923-17:55:04.857] thr=1   paramiko.transport: Cipher agreed: aes128-ctr
DEB [20200923-17:55:04.857] thr=1   paramiko.transport: MAC agreed: hmac-sha2-256
DEB [20200923-17:55:04.857] thr=1   paramiko.transport: Compression agreed: none
DEB [20200923-17:55:04.863] thr=1   paramiko.transport: kex engine KexCurve25519 specified hash_algo <built-in function openssl_sha256>
DEB [20200923-17:55:04.863] thr=1   paramiko.transport: Switch to new keys ...
DEB [20200923-17:55:04.864] thr=2   paramiko.transport: Adding ssh-ed25519 host key for 10.1.10.2: b'465afdad7cd6d07e92e5e7e259575194'
DEB [20200923-17:55:04.914] thr=1   paramiko.transport: userauth is OK
INF [20200923-17:55:04.929] thr=1   paramiko.transport: Authentication (password) successful!
DEB [20200923-17:55:04.930] thr=2   paramiko.transport: [chan 0] Max packet in: 32768 bytes
DEB [20200923-17:55:04.938] thr=1   paramiko.transport: Received global request "hostkeys-00@openssh.com"
DEB [20200923-17:55:04.939] thr=1   paramiko.transport: Rejecting "hostkeys-00@openssh.com" global request from server.
DEB [20200923-17:55:04.939] thr=1   paramiko.transport: [chan 0] Max packet out: 32768 bytes
DEB [20200923-17:55:04.939] thr=1   paramiko.transport: Secsh channel 0 opened.
DEB [20200923-17:55:04.942] thr=1   paramiko.transport: [chan 0] Sesch channel 0 request ok
INF [20200923-17:55:04.947] thr=2   paramiko.transport.sftp: [chan 0] Opened sftp connection (server version 3)
DEB [20200923-17:55:04.947] thr=2   paramiko.transport.sftp: [chan 0] mkdir(b'C:\\ADAudit', 511)
DEB [20200923-17:55:04.948] thr=2   paramiko.transport: [chan 1] Max packet in: 32768 bytes
DEB [20200923-17:55:04.949] thr=1   paramiko.transport: [chan 1] Max packet out: 32768 bytes
DEB [20200923-17:55:04.949] thr=1   paramiko.transport: Secsh channel 1 opened.
DEB [20200923-17:55:04.951] thr=1   paramiko.transport: [chan 1] Sesch channel 1 request ok
DEB [20200923-17:55:05.427] thr=1   paramiko.transport: [chan 1] EOF received (1)
DEB [20200923-17:55:05.428] thr=1   paramiko.transport: [chan 1] EOF sent (1)
DEB [20200923-17:55:09.952] thr=2   paramiko.transport.sftp: [chan 0] stat(b'C:\\ADAudit\\ou_info.txt')
DEB [20200923-17:55:09.954] thr=2   paramiko.transport.sftp: [chan 0] open(b'C:\\ADAudit\\ou_info.txt', 'rb')
DEB [20200923-17:55:09.954] thr=2   paramiko.transport.sftp: [chan 0] open(b'C:\\ADAudit\\ou_info.txt', 'rb') -> 00000000
DEB [20200923-17:55:09.956] thr=2   paramiko.transport.sftp: [chan 0] close(00000000)
DEB [20200923-17:55:09.958] thr=2   paramiko.transport: [chan 2] Max packet in: 32768 bytes
DEB [20200923-17:55:09.958] thr=1   paramiko.transport: [chan 2] Max packet out: 32768 bytes
DEB [20200923-17:55:09.958] thr=1   paramiko.transport: Secsh channel 2 opened.
DEB [20200923-17:55:09.961] thr=1   paramiko.transport: [chan 2] Sesch channel 2 request ok
DEB [20200923-17:55:12.368] thr=1   paramiko.transport: [chan 2] EOF received (2)
DEB [20200923-17:55:12.368] thr=1   paramiko.transport: [chan 2] EOF sent (2)
DEB [20200923-17:55:14.962] thr=2   paramiko.transport.sftp: [chan 0] stat(b'C:\\ADAudit\\GPOReport.xml')
DEB [20200923-17:55:14.963] thr=2   paramiko.transport.sftp: [chan 0] open(b'C:\\ADAudit\\GPOReport.xml', 'rb')
DEB [20200923-17:55:14.964] thr=2   paramiko.transport.sftp: [chan 0] open(b'C:\\ADAudit\\GPOReport.xml', 'rb') -> 00000000
DEB [20200923-17:55:14.966] thr=2   paramiko.transport.sftp: [chan 0] close(00000000)
DEB [20200923-17:55:14.975] thr=2   paramiko.transport: [chan 3] Max packet in: 32768 bytes
DEB [20200923-17:55:14.976] thr=1   paramiko.transport: [chan 3] Max packet out: 32768 bytes
DEB [20200923-17:55:14.976] thr=1   paramiko.transport: Secsh channel 3 opened.
DEB [20200923-17:55:14.979] thr=1   paramiko.transport: [chan 3] Sesch channel 3 request ok
DEB [20200923-17:55:15.263] thr=1   paramiko.transport: [chan 3] EOF received (3)
DEB [20200923-17:55:15.264] thr=1   paramiko.transport: [chan 3] EOF sent (3)
DEB [20200923-17:55:19.980] thr=2   paramiko.transport.sftp: [chan 0] stat(b'C:\\ADAudit\\GPOReport.xml')
DEB [20200923-17:55:19.981] thr=2   paramiko.transport.sftp: [chan 0] open(b'C:\\ADAudit\\GPOReport.xml', 'rb')
DEB [20200923-17:55:19.981] thr=2   paramiko.transport.sftp: [chan 0] open(b'C:\\ADAudit\\GPOReport.xml', 'rb') -> 00000000
DEB [20200923-17:55:19.983] thr=2   paramiko.transport.sftp: [chan 0] close(00000000)
DEB [20200923-17:55:19.985] thr=2   paramiko.transport: [chan 4] Max packet in: 32768 bytes
DEB [20200923-17:55:19.986] thr=1   paramiko.transport: [chan 4] Max packet out: 32768 bytes
DEB [20200923-17:55:19.986] thr=1   paramiko.transport: Secsh channel 4 opened.
DEB [20200923-17:55:19.988] thr=1   paramiko.transport: [chan 4] Sesch channel 4 request ok
DEB [20200923-17:55:20.525] thr=1   paramiko.transport: [chan 4] EOF received (4)
DEB [20200923-17:55:20.525] thr=1   paramiko.transport: [chan 4] EOF sent (4)
DEB [20200923-17:55:24.989] thr=2   paramiko.transport.sftp: [chan 0] stat(b'C:\\ADAudit\\GPOReport.xml')
DEB [20200923-17:55:24.990] thr=2   paramiko.transport.sftp: [chan 0] open(b'C:\\ADAudit\\GPOReport.xml', 'rb')
DEB [20200923-17:55:24.991] thr=2   paramiko.transport.sftp: [chan 0] open(b'C:\\ADAudit\\GPOReport.xml', 'rb') -> 00000000
DEB [20200923-17:55:24.993] thr=2   paramiko.transport.sftp: [chan 0] close(00000000)
DEB [20200923-17:55:24.996] thr=2   paramiko.transport.sftp: [chan 0] remove(b'C:\\ADAudit\\ou_info.txt')
DEB [20200923-17:55:24.997] thr=2   paramiko.transport.sftp: [chan 0] remove(b'C:\\ADAudit\\GPOReport.xml')
DEB [20200923-17:55:24.997] thr=2   paramiko.transport.sftp: [chan 0] rmdir(b'C:\\ADAudit')
INF [20200923-17:55:24.998] thr=2   paramiko.transport.sftp: [chan 0] sftp session closed.
DEB [20200923-17:55:24.998] thr=2   paramiko.transport: [chan 0] EOF sent (0)
DEB [20200923-18:04:57.916] thr=1   paramiko.transport: starting thread (client mode): 0x317bf2b0
DEB [20200923-18:04:57.916] thr=1   paramiko.transport: Local version/idstring: SSH-2.0-paramiko_2.7.2
DEB [20200923-18:04:57.926] thr=1   paramiko.transport: Remote version/idstring: SSH-2.0-OpenSSH_for_Windows_7.9
INF [20200923-18:04:57.926] thr=1   paramiko.transport: Connected (version 2.0, client OpenSSH_for_Windows_7.9)
DEB [20200923-18:04:57.937] thr=1   paramiko.transport: kex algos:['curve25519-sha256', 'curve25519-sha256@libssh.org', 'ecdh-sha2-nistp256', 'ecdh-sha2-nistp384', 'ecdh-sha2-nistp521', 'diffie-hellman-group-exchange-sha256', 'diffie-hellman-group16-sha512', 'diffie-hellman-group18-sha512', 'diffie-hellman-group14-sha256', 'diffie-hellman-group14-sha1'] server key:['rsa-sha2-512', 'rsa-sha2-256', 'ssh-rsa', 'ecdsa-sha2-nistp256', 'ssh-ed25519'] client encrypt:['chacha20-poly1305@openssh.com', 'aes128-ctr', 'aes192-ctr', 'aes256-ctr', 'aes128-gcm@openssh.com', 'aes256-gcm@openssh.com'] server encrypt:['chacha20-poly1305@openssh.com', 'aes128-ctr', 'aes192-ctr', 'aes256-ctr', 'aes128-gcm@openssh.com', 'aes256-gcm@openssh.com'] client mac:['umac-64-etm@openssh.com', 'umac-128-etm@openssh.com', 'hmac-sha2-256-etm@openssh.com', 'hmac-sha2-512-etm@openssh.com', 'hmac-sha1-etm@openssh.com', 'umac-64@openssh.com', 'umac-128@openssh.com', 'hmac-sha2-256', 'hmac-sha2-512', 'hmac-sha1'] server mac:['umac-64-etm@openssh.com', 'umac-128-etm@openssh.com', 'hmac-sha2-256-etm@openssh.com', 'hmac-sha2-512-etm@openssh.com', 'hmac-sha1-etm@openssh.com', 'umac-64@openssh.com', 'umac-128@openssh.com', 'hmac-sha2-256', 'hmac-sha2-512', 'hmac-sha1'] client compress:['none'] server compress:['none'] client lang:[''] server lang:[''] kex follows?False
DEB [20200923-18:04:57.938] thr=1   paramiko.transport: Kex agreed: curve25519-sha256@libssh.org
DEB [20200923-18:04:57.938] thr=1   paramiko.transport: HostKey agreed: ssh-ed25519
DEB [20200923-18:04:57.938] thr=1   paramiko.transport: Cipher agreed: aes128-ctr
DEB [20200923-18:04:57.938] thr=1   paramiko.transport: MAC agreed: hmac-sha2-256
DEB [20200923-18:04:57.938] thr=1   paramiko.transport: Compression agreed: none
DEB [20200923-18:04:57.943] thr=1   paramiko.transport: kex engine KexCurve25519 specified hash_algo <built-in function openssl_sha256>
DEB [20200923-18:04:57.943] thr=1   paramiko.transport: Switch to new keys ...
DEB [20200923-18:04:57.943] thr=2   paramiko.transport: Adding ssh-ed25519 host key for 10.1.10.2: b'465afdad7cd6d07e92e5e7e259575194'
DEB [20200923-18:04:58.009] thr=1   paramiko.transport: userauth is OK
INF [20200923-18:04:58.023] thr=1   paramiko.transport: Authentication (password) successful!
DEB [20200923-18:04:58.024] thr=2   paramiko.transport: [chan 0] Max packet in: 32768 bytes
DEB [20200923-18:04:58.032] thr=1   paramiko.transport: Received global request "hostkeys-00@openssh.com"
DEB [20200923-18:04:58.032] thr=1   paramiko.transport: Rejecting "hostkeys-00@openssh.com" global request from server.
DEB [20200923-18:04:58.032] thr=1   paramiko.transport: [chan 0] Max packet out: 32768 bytes
DEB [20200923-18:04:58.032] thr=1   paramiko.transport: Secsh channel 0 opened.
DEB [20200923-18:04:58.035] thr=1   paramiko.transport: [chan 0] Sesch channel 0 request ok
INF [20200923-18:04:58.038] thr=2   paramiko.transport.sftp: [chan 0] Opened sftp connection (server version 3)
DEB [20200923-18:04:58.038] thr=2   paramiko.transport.sftp: [chan 0] mkdir(b'C:\\ADAudit', 511)
DEB [20200923-18:04:58.039] thr=2   paramiko.transport: [chan 1] Max packet in: 32768 bytes
DEB [20200923-18:04:58.039] thr=1   paramiko.transport: [chan 1] Max packet out: 32768 bytes
DEB [20200923-18:04:58.039] thr=1   paramiko.transport: Secsh channel 1 opened.
DEB [20200923-18:04:58.042] thr=1   paramiko.transport: [chan 1] Sesch channel 1 request ok
DEB [20200923-18:04:58.492] thr=1   paramiko.transport: [chan 1] EOF received (1)
DEB [20200923-18:04:58.492] thr=1   paramiko.transport: [chan 1] EOF sent (1)
DEB [20200923-18:05:03.043] thr=2   paramiko.transport.sftp: [chan 0] stat(b'C:\\ADAudit\\ou_info.txt')
DEB [20200923-18:05:03.044] thr=2   paramiko.transport.sftp: [chan 0] open(b'C:\\ADAudit\\ou_info.txt', 'rb')
DEB [20200923-18:05:03.045] thr=2   paramiko.transport.sftp: [chan 0] open(b'C:\\ADAudit\\ou_info.txt', 'rb') -> 00000000
DEB [20200923-18:05:03.047] thr=2   paramiko.transport.sftp: [chan 0] close(00000000)
DEB [20200923-18:05:03.049] thr=2   paramiko.transport: [chan 2] Max packet in: 32768 bytes
DEB [20200923-18:05:03.049] thr=1   paramiko.transport: [chan 2] Max packet out: 32768 bytes
DEB [20200923-18:05:03.049] thr=1   paramiko.transport: Secsh channel 2 opened.
DEB [20200923-18:05:03.052] thr=1   paramiko.transport: [chan 2] Sesch channel 2 request ok
DEB [20200923-18:05:06.183] thr=1   paramiko.transport: [chan 2] EOF received (2)
DEB [20200923-18:05:06.183] thr=1   paramiko.transport: [chan 2] EOF sent (2)
DEB [20200923-18:05:08.053] thr=2   paramiko.transport.sftp: [chan 0] stat(b'C:\\ADAudit\\GPOReport.xml')
DEB [20200923-18:05:08.054] thr=2   paramiko.transport.sftp: [chan 0] open(b'C:\\ADAudit\\GPOReport.xml', 'rb')
DEB [20200923-18:05:08.055] thr=2   paramiko.transport.sftp: [chan 0] open(b'C:\\ADAudit\\GPOReport.xml', 'rb') -> 00000000
DEB [20200923-18:05:08.058] thr=2   paramiko.transport.sftp: [chan 0] close(00000000)
DEB [20200923-18:05:08.068] thr=2   paramiko.transport: [chan 3] Max packet in: 32768 bytes
DEB [20200923-18:05:08.068] thr=1   paramiko.transport: [chan 3] Max packet out: 32768 bytes
DEB [20200923-18:05:08.068] thr=1   paramiko.transport: Secsh channel 3 opened.
DEB [20200923-18:05:08.071] thr=1   paramiko.transport: [chan 3] Sesch channel 3 request ok
DEB [20200923-18:05:08.388] thr=1   paramiko.transport: [chan 3] EOF received (3)
DEB [20200923-18:05:08.389] thr=1   paramiko.transport: [chan 3] EOF sent (3)
DEB [20200923-18:05:13.072] thr=2   paramiko.transport.sftp: [chan 0] stat(b'C:\\ADAudit\\GPOReport.xml')
DEB [20200923-18:05:13.073] thr=2   paramiko.transport.sftp: [chan 0] open(b'C:\\ADAudit\\GPOReport.xml', 'rb')
DEB [20200923-18:05:13.074] thr=2   paramiko.transport.sftp: [chan 0] open(b'C:\\ADAudit\\GPOReport.xml', 'rb') -> 00000000
DEB [20200923-18:05:13.076] thr=2   paramiko.transport.sftp: [chan 0] close(00000000)
DEB [20200923-18:05:13.078] thr=2   paramiko.transport: [chan 4] Max packet in: 32768 bytes
DEB [20200923-18:05:13.078] thr=1   paramiko.transport: [chan 4] Max packet out: 32768 bytes
DEB [20200923-18:05:13.079] thr=1   paramiko.transport: Secsh channel 4 opened.
DEB [20200923-18:05:13.081] thr=1   paramiko.transport: [chan 4] Sesch channel 4 request ok
DEB [20200923-18:05:13.634] thr=1   paramiko.transport: [chan 4] EOF received (4)
DEB [20200923-18:05:13.634] thr=1   paramiko.transport: [chan 4] EOF sent (4)
DEB [20200923-18:05:18.082] thr=2   paramiko.transport.sftp: [chan 0] stat(b'C:\\ADAudit\\GPOReport.xml')
DEB [20200923-18:05:18.083] thr=2   paramiko.transport.sftp: [chan 0] open(b'C:\\ADAudit\\GPOReport.xml', 'rb')
DEB [20200923-18:05:18.083] thr=2   paramiko.transport.sftp: [chan 0] open(b'C:\\ADAudit\\GPOReport.xml', 'rb') -> 00000000
DEB [20200923-18:05:18.085] thr=2   paramiko.transport.sftp: [chan 0] close(00000000)
DEB [20200923-18:05:18.088] thr=2   paramiko.transport.sftp: [chan 0] remove(b'C:\\ADAudit\\ou_info.txt')
DEB [20200923-18:05:18.089] thr=2   paramiko.transport.sftp: [chan 0] remove(b'C:\\ADAudit\\GPOReport.xml')
DEB [20200923-18:05:18.089] thr=2   paramiko.transport.sftp: [chan 0] rmdir(b'C:\\ADAudit')
INF [20200923-18:05:18.090] thr=2   paramiko.transport.sftp: [chan 0] sftp session closed.
DEB [20200923-18:05:18.091] thr=2   paramiko.transport: [chan 0] EOF sent (0)
